Build started 03/03/2015 5:45:28 PM.
     1>Project "C:\Users\Robb\Source\Repos\CST8237-Midterm\Game\Game.vcxproj" on node 2 (Build target(s)).
     1>ClCompile:
         C:\Program Files (x86)\Microsoft Visual Studio 12.0\VC\bin\CL.exe /c /ZI /nologo /W3 /WX- /Od /Oy- /D WIN32 /D _DEBUG /D _CONSOLE /D _LIB /D _UNICODE /D UNICODE /Gm /EHsc /RTC1 /MDd /GS /fp:precise /Zc:wchar_t /Zc:forScope /Fo"Debug\\" /Fd"Debug\vc120.pdb" /Gd /TP /analyze- /errorReport:prompt src\Game.cpp src\TestBox.cpp src\main.cpp
         TestBox.cpp
     1>c:\users\robb\source\repos\cst8237-midterm\game\src\testbox.cpp(34): warning C4244: '=' : conversion from 'int' to 'float', possible loss of data
     1>c:\users\robb\source\repos\cst8237-midterm\game\src\testbox.cpp(47): warning C4244: '+=' : conversion from 'float' to 'int', possible loss of data
     1>c:\users\robb\source\repos\cst8237-midterm\game\src\testbox.cpp(48): warning C4244: '+=' : conversion from 'float' to 'int', possible loss of data
     1>c:\users\robb\source\repos\cst8237-midterm\game\src\testbox.cpp(50): warning C4244: '*=' : conversion from 'float' to 'int', possible loss of data
     1>c:\users\robb\source\repos\cst8237-midterm\game\src\testbox.cpp(51): warning C4244: '*=' : conversion from 'float' to 'int', possible loss of data
         Generating Code...
         Compiling...
         Game.cpp
     1>c:\users\robb\source\repos\cst8237-midterm\game\src\game.cpp(51): warning C4244: 'initializing' : conversion from 'int' to 'float', possible loss of data
     1>c:\users\robb\source\repos\cst8237-midterm\game\src\game.cpp(52): warning C4244: 'initializing' : conversion from 'int' to 'float', possible loss of data
     1>c:\users\robb\source\repos\cst8237-midterm\game\src\game.cpp(53): warning C4244: 'initializing' : conversion from 'int' to 'float', possible loss of data
         Generating Code...
         Skipping... (no relevant changes detected)
         main.cpp
       Link:
         C:\Program Files (x86)\Microsoft Visual Studio 12.0\VC\bin\link.exe /ERRORREPORT:PROMPT /OUT:"C:\Users\Robb\Source\Repos\CST8237-Midterm\Debug\Game.exe" /INCREMENTAL /NOLOGO SDL2.lib SDL2main.lib SDL2_image.lib Engine.lib kernel32.lib user32.lib gdi32.lib winspool.lib comdlg32.lib advapi32.lib shell32.lib ole32.lib oleaut32.lib uuid.lib odbc32.lib odbccp32.lib /MANIFEST /MANIFESTUAC:"level='asInvoker' uiAccess='false'" /manifest:embed /DEBUG /PDB:"C:\Users\Robb\Source\Repos\CST8237-Midterm\Debug\Game.pdb" /SUBSYSTEM:CONSOLE /TLBID:1 /DYNAMICBASE /NXCOMPAT /IMPLIB:"C:\Users\Robb\Source\Repos\CST8237-Midterm\Debug\Game.lib" /MACHINE:X86 Debug\Game.obj
         Debug\main.obj
         Debug\TestBox.obj
         Game.vcxproj -> C:\Users\Robb\Source\Repos\CST8237-Midterm\Debug\Game.exe
     1>Done Building Project "C:\Users\Robb\Source\Repos\CST8237-Midterm\Game\Game.vcxproj" (Build target(s)).

Build succeeded.

Time Elapsed 00:00:00.76
